<?xml version="1.0" encoding="UTF-8"?>
<!-- Generated by org.testng.reporters.JUnitXMLReporter -->
<testsuite hostname="INTUL173e9cd51" ignored="0" name="FB" tests="6" failures="0" timestamp="21 Aug 2019 13:09:32 GMT" time="6.957" errors="0">
  <testcase name="AddErrorTest" time="1.729" classname="com.plivo.api.tests.SlackTest"/>
  <testcase name="joinChannel" time="0.287" classname="com.plivo.api.tests.SlackTest"/>
  <testcase name="renameChannel" time="3.72" classname="com.plivo.api.tests.SlackTest"/>
  <testcase name="listChannelsAndValidate" time="0.356" classname="com.plivo.api.tests.SlackTest"/>
  <testcase name="archiveChannel" time="0.403" classname="com.plivo.api.tests.SlackTest"/>
  <testcase name="validateAcrchivedChannel" time="0.443" classname="com.plivo.api.tests.SlackTest"/>
</testsuite> <!-- FB -->
